[debug] [2022-11-14T14:24:29.249Z] ----------------------------------------------------------------------
[debug] [2022-11-14T14:24:29.253Z] Command:       C:\Program Files (x86)\nodejs\node.exe C:\Users\shori\AppData\Roaming\npm\node_modules\firebase-tools\lib\bin\firebase.js init
[debug] [2022-11-14T14:24:29.254Z] CLI Version:   11.16.0
[debug] [2022-11-14T14:24:29.254Z] Platform:      win32
[debug] [2022-11-14T14:24:29.254Z] Node Version:  v16.16.0
[debug] [2022-11-14T14:24:29.256Z] Time:          Mon Nov 14 2022 20:24:29 GMT+0600 (Bangladesh Standard Time)
[debug] [2022-11-14T14:24:29.256Z] ----------------------------------------------------------------------
[debug] 
[debug] [2022-11-14T14:24:29.456Z] > command requires scopes: ["email","openid","https://www.googleapis.com/auth/cloudplatformprojects.readonly","https://www.googleapis.com/auth/firebase","https://www.googleapis.com/auth/cloud-platform"]
[debug] [2022-11-14T14:24:29.457Z] > authorizing via signed-in user (mdmilon240915@gmail.com)
[info] 
     ######## #### ########  ######## ########     ###     ######  ########
     ##        ##  ##     ## ##       ##     ##  ##   ##  ##       ##
     ######    ##  ########  ######   ########  #########  ######  ######
     ##        ##  ##    ##  ##       ##     ## ##     ##       ## ##
     ##       #### ##     ## ######## ########  ##     ##  ######  ########

You're about to initialize a Firebase project in this directory:

  C:\Users\shori\Desktop\frontend-developer-assignment

Before we get started, keep in mind:

  * You are initializing within an existing Firebase project directory

[info] 
=== Project Setup
[info] 
[info] First, let's associate this project directory with a Firebase project.
[info] You can create multiple project aliases by running firebase use --add, 
[info] but for now we'll just set up a default project.
[info] 
[debug] [2022-11-14T14:24:36.307Z] Using project from CLI flag: genius-car-services-18c77
[debug] [2022-11-14T14:24:36.311Z] >>> [apiv2][query] GET https://firebase.googleapis.com/v1beta1/projects/genius-car-services-18c77 [none]
[debug] [2022-11-14T14:24:37.022Z] <<< [apiv2][status] GET https://firebase.googleapis.com/v1beta1/projects/genius-car-services-18c77 403
[debug] [2022-11-14T14:24:37.022Z] <<< [apiv2][body] GET https://firebase.googleapis.com/v1beta1/projects/genius-car-services-18c77 {"error":{"code":403,"message":"The caller does not have permission","status":"PERMISSION_DENIED"}}
[debug] [2022-11-14T14:24:37.023Z] HTTP Error: 403, The caller does not have permission
[debug] [2022-11-14T14:24:37.287Z] FirebaseError: HTTP Error: 403, The caller does not have permission
    at responseToError (C:\Users\shori\AppData\Roaming\npm\node_modules\firebase-tools\lib\responseToError.js:49:12)
    at RetryOperation._fn (C:\Users\shori\AppData\Roaming\npm\node_modules\firebase-tools\lib\apiv2.js:288:77)
    at processTicksAndRejections (node:internal/process/task_queues:96:5)
[error] 
[error] Error: Failed to get Firebase project genius-car-services-18c77. Please make sure the project exists and your account has permission to access it.
